d:\c#代码\encrypt_excel\classlibrary1\usedll\debug\usedll.pch
d:\c#代码\encrypt_excel\classlibrary1\usedll\debug\vc120.pdb
d:\c#代码\encrypt_excel\classlibrary1\usedll\debug\stdafx.obj
d:\c#代码\encrypt_excel\classlibrary1\usedll\debug\.netframework,version=v4.0.assemblyattributes.obj
d:\c#代码\encrypt_excel\classlibrary1\usedll\debug\usedll.obj
d:\c#代码\encrypt_excel\classlibrary1\classlibrary1\bin\debug\usedll.exe
d:\c#代码\encrypt_excel\classlibrary1\classlibrary1\bin\debug\usedll.pdb
d:\c#代码\encrypt_excel\classlibrary1\usedll\debug\usedll.tlog\metagen.write.1.tlog
d:\c#代码\encrypt_excel\classlibrary1\usedll\debug\usedll.vcxprojresolveassemblyreference.cache
d:\c#代码\encrypt_excel\classlibrary1\usedll\..\classlibrary1\bin\debug\usedll.exe
d:\c#代码\encrypt_excel\classlibrary1\usedll\debug\usedll.tlog\cl.command.1.tlog
d:\c#代码\encrypt_excel\classlibrary1\usedll\debug\usedll.tlog\cl.read.1.tlog
d:\c#代码\encrypt_excel\classlibrary1\usedll\debug\usedll.tlog\cl.write.1.tlog
d:\c#代码\encrypt_excel\classlibrary1\usedll\debug\usedll.tlog\link.command.1.tlog
d:\c#代码\encrypt_excel\classlibrary1\usedll\debug\usedll.tlog\link.read.1.tlog
d:\c#代码\encrypt_excel\classlibrary1\usedll\debug\usedll.tlog\link.write.1.tlog
d:\c#代码\encrypt_excel\classlibrary1\usedll\debug\usedll.tlog\metagen.read.1.tlog
d:\c#代码\encrypt_excel\classlibrary1\usedll\debug\usedll.tlog\classlibrary1.dll.metagen
d:\c#代码\encrypt_excel\classlibrary1\usedll\debug\usedll.tlog\rsaenh.dll.bi
d:\c#代码\encrypt_excel\classlibrary1\usedll\debug\usedll.tlog\tzres.dll.bi
